<?xml version="1.0" encoding="UTF-8"?>
<testsuite name="com.crud.tasks.controller.TrelloControllerTest" tests="3" skipped="0" failures="0" errors="0" timestamp="2020-07-02T09:15:42" hostname="MacBook-Pro-DarekMarta.local" time="0.998">
  <properties/>
  <testcase name="shouldFetchTrelloBoards" classname="com.crud.tasks.controller.TrelloControllerTest" time="0.425"/>
  <testcase name="shouldFetchEmptyTrelloBoards" classname="com.crud.tasks.controller.TrelloControllerTest" time="0.083"/>
  <testcase name="shouldCreateTrelloCard" classname="com.crud.tasks.controller.TrelloControllerTest" time="0.473"/>
  <system-out><![CDATA[
  .   ____          _            __ _ _
 /\\ / ___'_ __ _ _(_)_ __  __ _ \ \ \ \
( ( )\___ | '_ | '_| | '_ \/ _` | \ \ \ \
 \\/  ___)| |_)| | | | | || (_| |  ) ) ) )
  '  |____| .__|_| |_|_| |_\__, | / / / /
 =========|_|==============|___/=/_/_/_/
 :: Spring Boot ::        (v2.2.6.RELEASE)

2020-07-02 11:15:29.659  WARN 1452 --- [    Test worker] o.s.boot.StartupInfoLogger               : InetAddress.getLocalHost().getHostName() took 9870 milliseconds to respond. Please verify your network configuration (macOS machines may need to add entries to /etc/hosts).
2020-07-02 11:15:39.668  INFO 1452 --- [    Test worker] c.c.t.controller.TrelloControllerTest    : Starting TrelloControllerTest on MacBook-Pro-DarekMarta.local with PID 1452 (started by darekmarta in /Users/darekmarta/Desktop/tasks)
2020-07-02 11:15:39.679  INFO 1452 --- [    Test worker] c.c.t.controller.TrelloControllerTest    : No active profile set, falling back to default profiles: default
2020-07-02 11:15:41.637  INFO 1452 --- [    Test worker] pertySourcedRequestMappingHandlerMapping : Mapped URL path [/v2/api-docs] onto method [springfox.documentation.swagger2.web.Swagger2Controller#getDocumentation(String, HttpServletRequest)]
2020-07-02 11:15:41.878  INFO 1452 --- [    Test worker] o.s.s.concurrent.ThreadPoolTaskExecutor  : Initializing ExecutorService 'applicationTaskExecutor'
2020-07-02 11:15:42.150  INFO 1452 --- [    Test worker] o.s.b.t.m.w.SpringBootMockServletContext : Initializing Spring TestDispatcherServlet ''
2020-07-02 11:15:42.151  INFO 1452 --- [    Test worker] o.s.t.web.servlet.TestDispatcherServlet  : Initializing Servlet ''
2020-07-02 11:15:42.221  INFO 1452 --- [    Test worker] o.s.t.web.servlet.TestDispatcherServlet  : Completed initialization in 70 ms
2020-07-02 11:15:42.270  INFO 1452 --- [    Test worker] d.s.w.p.DocumentationPluginsBootstrapper : Context refreshed
2020-07-02 11:15:42.273  INFO 1452 --- [    Test worker] d.s.w.p.DocumentationPluginsBootstrapper : Found 1 custom documentation plugin(s)
2020-07-02 11:15:42.288  INFO 1452 --- [    Test worker] s.d.s.w.s.ApiListingReferenceScanner     : Scanning for api listing references
2020-07-02 11:15:42.371  INFO 1452 --- [    Test worker] c.c.t.controller.TrelloControllerTest    : Started TrelloControllerTest in 27.776 seconds (JVM running for 62.669)
]]></system-out>
  <system-err><![CDATA[]]></system-err>
</testsuite>
