<?xml version="1.0" encoding="UTF-8"?>
<testsuite name="com.crud.tasks.TasksApplicationTests" tests="1" skipped="0" failures="0" errors="0" timestamp="2020-05-14T17:07:00" hostname="MacBook-Pro-DarekMarta.local" time="0.031">
  <properties/>
  <testcase name="contextLoads()" classname="com.crud.tasks.TasksApplicationTests" time="0.031"/>
  <system-out><![CDATA[19:06:38.775 [Test worker] DEBUG org.springframework.test.context.BootstrapUtils - Instantiating CacheAwareContextLoaderDelegate from class [org.springframework.test.context.cache.DefaultCacheAwareContextLoaderDelegate]
19:06:38.791 [Test worker] DEBUG org.springframework.test.context.BootstrapUtils - Instantiating BootstrapContext using constructor [public org.springframework.test.context.support.DefaultBootstrapContext(java.lang.Class,org.springframework.test.context.CacheAwareContextLoaderDelegate)]
19:06:38.837 [Test worker] DEBUG org.springframework.test.context.BootstrapUtils - Instantiating TestContextBootstrapper for test class [com.crud.tasks.TasksApplicationTests] from class [org.springframework.boot.test.context.SpringBootTestContextBootstrapper]
19:06:38.861 [Test worker] INFO org.springframework.boot.test.context.SpringBootTestContextBootstrapper - Neither @ContextConfiguration nor @ContextHierarchy found for test class [com.crud.tasks.TasksApplicationTests], using SpringBootContextLoader
19:06:38.865 [Test worker] DEBUG org.springframework.test.context.support.AbstractContextLoader - Did not detect default resource location for test class [com.crud.tasks.TasksApplicationTests]: class path resource [com/crud/tasks/TasksApplicationTests-context.xml] does not exist
19:06:38.866 [Test worker] DEBUG org.springframework.test.context.support.AbstractContextLoader - Did not detect default resource location for test class [com.crud.tasks.TasksApplicationTests]: class path resource [com/crud/tasks/TasksApplicationTestsContext.groovy] does not exist
19:06:38.867 [Test worker] INFO org.springframework.test.context.support.AbstractContextLoader - Could not detect default resource locations for test class [com.crud.tasks.TasksApplicationTests]: no resource found for suffixes {-context.xml, Context.groovy}.
19:06:38.869 [Test worker] INFO org.springframework.test.context.support.AnnotationConfigContextLoaderUtils - Could not detect default configuration classes for test class [com.crud.tasks.TasksApplicationTests]: TasksApplicationTests does not declare any static, non-private, non-final, nested classes annotated with @Configuration.
19:06:38.924 [Test worker] DEBUG org.springframework.test.context.support.ActiveProfilesUtils - Could not find an 'annotation declaring class' for annotation type [org.springframework.test.context.ActiveProfiles] and class [com.crud.tasks.TasksApplicationTests]
19:06:38.993 [Test worker] DEBUG org.springframework.context.annotation.ClassPathScanningCandidateComponentProvider - Identified candidate component class: file [/Users/darekmarta/Desktop/tasks/build/classes/java/main/com/crud/tasks/TasksApplication.class]
19:06:38.994 [Test worker] INFO org.springframework.boot.test.context.SpringBootTestContextBootstrapper - Found @SpringBootConfiguration com.crud.tasks.TasksApplication for test class com.crud.tasks.TasksApplicationTests
19:06:39.133 [Test worker] DEBUG org.springframework.boot.test.context.SpringBootTestContextBootstrapper - @TestExecutionListeners is not present for class [com.crud.tasks.TasksApplicationTests]: using defaults.
19:06:39.134 [Test worker] INFO org.springframework.boot.test.context.SpringBootTestContextBootstrapper - Loaded default TestExecutionListener class names from location [META-INF/spring.factories]: [org.springframework.boot.test.autoconfigure.restdocs.RestDocsTestExecutionListener, org.springframework.boot.test.autoconfigure.web.client.MockRestServiceServerResetTestExecutionListener, org.springframework.boot.test.autoconfigure.web.servlet.MockMvcPrintOnlyOnFailureTestExecutionListener, org.springframework.boot.test.autoconfigure.web.servlet.WebDriverTestExecutionListener, org.springframework.boot.test.mock.mockito.MockitoTestExecutionListener, org.springframework.boot.test.mock.mockito.ResetMocksTestExecutionListener, org.springframework.test.context.web.ServletTestExecutionListener, org.springframework.test.context.support.DirtiesContextBeforeModesTestExecutionListener, org.springframework.test.context.support.DependencyInjectionTestExecutionListener, org.springframework.test.context.support.DirtiesContextTestExecutionListener, org.springframework.test.context.transaction.TransactionalTestExecutionListener, org.springframework.test.context.jdbc.SqlScriptsTestExecutionListener, org.springframework.test.context.event.EventPublishingTestExecutionListener]
19:06:39.155 [Test worker] INFO org.springframework.boot.test.context.SpringBootTestContextBootstrapper - Using TestExecutionListeners: [org.springframework.test.context.web.ServletTestExecutionListener@1b025cfd, org.springframework.test.context.support.DirtiesContextBeforeModesTestExecutionListener@661246c9, org.springframework.boot.test.mock.mockito.MockitoTestExecutionListener@742816dc, org.springframework.boot.test.autoconfigure.SpringBootDependencyInjectionTestExecutionListener@4738de46, org.springframework.test.context.support.DirtiesContextTestExecutionListener@4e5487e8, org.springframework.test.context.transaction.TransactionalTestExecutionListener@3a04b4e5, org.springframework.test.context.jdbc.SqlScriptsTestExecutionListener@e2ecb8f, org.springframework.test.context.event.EventPublishingTestExecutionListener@f65eee2, org.springframework.boot.test.autoconfigure.restdocs.RestDocsTestExecutionListener@65645321, org.springframework.boot.test.autoconfigure.web.client.MockRestServiceServerResetTestExecutionListener@7a5870f4, org.springframework.boot.test.autoconfigure.web.servlet.MockMvcPrintOnlyOnFailureTestExecutionListener@252be83, org.springframework.boot.test.autoconfigure.web.servlet.WebDriverTestExecutionListener@22e052d5, org.springframework.boot.test.mock.mockito.ResetMocksTestExecutionListener@65dae0f3]
19:06:39.159 [Test worker] DEBUG org.springframework.test.context.support.AbstractDirtiesContextTestExecutionListener - Before test class: context [DefaultTestContext@1aabc10d testClass = TasksApplicationTests, testInstance = [null], testMethod = [null], testException = [null], mergedContextConfiguration = [WebMergedContextConfiguration@523100d6 testClass = TasksApplicationTests, locations = '{}', classes = '{class com.crud.tasks.TasksApplication}', contextInitializerClasses = '[]', activeProfiles = '{}', propertySourceLocations = '{}', propertySourceProperties = '{org.springframework.boot.test.context.SpringBootTestContextBootstrapper=true}', contextCustomizers = set[org.springframework.boot.test.autoconfigure.properties.PropertyMappingContextCustomizer@0, org.springframework.boot.test.autoconfigure.web.servlet.WebDriverContextCustomizerFactory$Customizer@3aff363d, org.springframework.boot.test.context.filter.ExcludeFilterContextCustomizer@62a04e10, org.springframework.boot.test.json.DuplicateJsonObjectContextCustomizerFactory$DuplicateJsonObjectContextCustomizer@162458fc, org.springframework.boot.test.mock.mockito.MockitoContextCustomizer@0, org.springframework.boot.test.web.client.TestRestTemplateContextCustomizer@ab69429], resourceBasePath = 'src/main/webapp', contextLoader = 'org.springframework.boot.test.context.SpringBootContextLoader', parent = [null]], attributes = map['org.springframework.test.context.web.ServletTestExecutionListener.activateListener' -> true]], class annotated with @DirtiesContext [false] with mode [null].
19:06:39.189 [Test worker] DEBUG org.springframework.test.context.support.TestPropertySourceUtils - Adding inlined properties to environment: {spring.jmx.enabled=false, org.springframework.boot.test.context.SpringBootTestContextBootstrapper=true, server.port=-1}

  .   ____          _            __ _ _
 /\\ / ___'_ __ _ _(_)_ __  __ _ \ \ \ \
( ( )\___ | '_ | '_| | '_ \/ _` | \ \ \ \
 \\/  ___)| |_)| | | | | || (_| |  ) ) ) )
  '  |____| .__|_| |_|_| |_\__, | / / / /
 =========|_|==============|___/=/_/_/_/
 :: Spring Boot ::        (v2.2.6.RELEASE)

2020-05-14 19:06:49.504  WARN 1980 --- [    Test worker] o.s.boot.StartupInfoLogger               : InetAddress.getLocalHost().getHostName() took 5005 milliseconds to respond. Please verify your network configuration (macOS machines may need to add entries to /etc/hosts).
2020-05-14 19:06:54.516  INFO 1980 --- [    Test worker] com.crud.tasks.TasksApplicationTests     : Starting TasksApplicationTests on MacBook-Pro-DarekMarta.local with PID 1980 (started by darekmarta in /Users/darekmarta/Desktop/tasks)
2020-05-14 19:06:54.518  INFO 1980 --- [    Test worker] com.crud.tasks.TasksApplicationTests     : No active profile set, falling back to default profiles: default
2020-05-14 19:06:55.600  INFO 1980 --- [    Test worker] .s.d.r.c.RepositoryConfigurationDelegate : Bootstrapping Spring Data JPA repositories in DEFAULT mode.
2020-05-14 19:06:55.671  INFO 1980 --- [    Test worker] .s.d.r.c.RepositoryConfigurationDelegate : Finished Spring Data repository scanning in 61ms. Found 1 JPA repository interfaces.
2020-05-14 19:06:56.455  INFO 1980 --- [    Test worker] com.zaxxer.hikari.HikariDataSource       : HikariPool-1 - Starting...
2020-05-14 19:06:56.721  INFO 1980 --- [    Test worker] com.zaxxer.hikari.HikariDataSource       : HikariPool-1 - Start completed.
2020-05-14 19:06:56.817  INFO 1980 --- [    Test worker] o.hibernate.jpa.internal.util.LogHelper  : HHH000204: Processing PersistenceUnitInfo [name: default]
2020-05-14 19:06:56.923  INFO 1980 --- [    Test worker] org.hibernate.Version                    : HHH000412: Hibernate ORM core version 5.4.12.Final
2020-05-14 19:06:56.975  INFO 1980 --- [    Test worker] o.hibernate.annotations.common.Version   : HCANN000001: Hibernate Commons Annotations {5.1.0.Final}
2020-05-14 19:06:57.192  INFO 1980 --- [    Test worker] org.hibernate.dialect.Dialect            : HHH000400: Using dialect: org.hibernate.dialect.MySQL5Dialect
2020-05-14 19:06:57.938  INFO 1980 --- [    Test worker] o.h.e.t.j.p.i.JtaPlatformInitiator       : HHH000490: Using JtaPlatform implementation: [org.hibernate.engine.transaction.jta.platform.internal.NoJtaPlatform]
2020-05-14 19:06:57.948  INFO 1980 --- [    Test worker] j.LocalContainerEntityManagerFactoryBean : Initialized JPA EntityManagerFactory for persistence unit 'default'
2020-05-14 19:06:58.821  WARN 1980 --- [    Test worker] JpaBaseConfiguration$JpaWebConfiguration : spring.jpa.open-in-view is enabled by default. Therefore, database queries may be performed during view rendering. Explicitly configure spring.jpa.open-in-view to disable this warning
2020-05-14 19:06:59.202  INFO 1980 --- [    Test worker] pertySourcedRequestMappingHandlerMapping : Mapped URL path [/v2/api-docs] onto method [springfox.documentation.swagger2.web.Swagger2Controller#getDocumentation(String, HttpServletRequest)]
2020-05-14 19:06:59.881  INFO 1980 --- [    Test worker] o.s.s.concurrent.ThreadPoolTaskExecutor  : Initializing ExecutorService 'applicationTaskExecutor'
2020-05-14 19:07:00.303  INFO 1980 --- [    Test worker] d.s.w.p.DocumentationPluginsBootstrapper : Context refreshed
2020-05-14 19:07:00.337  INFO 1980 --- [    Test worker] d.s.w.p.DocumentationPluginsBootstrapper : Found 1 custom documentation plugin(s)
2020-05-14 19:07:00.372  INFO 1980 --- [    Test worker] s.d.s.w.s.ApiListingReferenceScanner     : Scanning for api listing references
2020-05-14 19:07:00.398  INFO 1980 --- [    Test worker] com.crud.tasks.TasksApplicationTests     : Started TasksApplicationTests in 21.196 seconds (JVM running for 23.9)
]]></system-out>
  <system-err><![CDATA[]]></system-err>
</testsuite>
