<?xml version="1.0" encoding="UTF-8"?>
<testsuite name="com.crud.tasks.trello.client.TrelloClientTest" tests="3" skipped="0" failures="0" errors="0" timestamp="2020-05-11T17:54:10" hostname="MacBook-Pro-DarekMarta.local" time="1.038">
  <properties/>
  <testcase name="shouldFetchTrelloBoards" classname="com.crud.tasks.trello.client.TrelloClientTest" time="1.028"/>
  <testcase name="shouldCreateCard" classname="com.crud.tasks.trello.client.TrelloClientTest" time="0.006"/>
  <testcase name="shouldRunEmptyList" classname="com.crud.tasks.trello.client.TrelloClientTest" time="0.003"/>
  <system-out><![CDATA[]]></system-out>
  <system-err><![CDATA[]]></system-err>
</testsuite>
