<?xml version="1.0" encoding="UTF-8"?>
<testsuite name="com.crud.tasks.facade.TrelloFacadeTest" tests="3" skipped="0" failures="0" errors="0" timestamp="2020-07-02T09:15:13" hostname="MacBook-Pro-DarekMarta.local" time="0.797">
  <properties/>
  <testcase name="shouldFetchTrelloBoards" classname="com.crud.tasks.facade.TrelloFacadeTest" time="0.739"/>
  <testcase name="shouldFetchEmptyList" classname="com.crud.tasks.facade.TrelloFacadeTest" time="0.008"/>
  <testcase name="createCard" classname="com.crud.tasks.facade.TrelloFacadeTest" time="0.043"/>
  <system-out><![CDATA[2020-07-02 11:15:14.391  INFO 1452 --- [   scheduling-1] c.crud.tasks.service.SimpleEmailService  : Starting email preparation
2020-07-02 11:15:14.395  INFO 1452 --- [   scheduling-1] c.crud.tasks.service.SimpleEmailService  : CC has been included
]]></system-out>
  <system-err><![CDATA[]]></system-err>
</testsuite>
