<?xml version="1.0" encoding="UTF-8"?>
<testsuite name="com.crud.tasks.trello.client.TrelloClientTest" tests="1" skipped="0" failures="0" errors="0" timestamp="2020-05-12T17:31:29" hostname="MacBook-Pro-DarekMarta.local" time="1.141">
  <properties/>
  <testcase name="shouldReturnEmptyList" classname="com.crud.tasks.trello.client.TrelloClientTest" time="1.141"/>
  <system-out><![CDATA[]]></system-out>
  <system-err><![CDATA[]]></system-err>
</testsuite>
