<?xml version="1.0" encoding="UTF-8"?>
<testsuite name="com.crud.tasks.TasksApplicationTests" tests="1" skipped="0" failures="0" errors="0" timestamp="2020-07-02T09:16:07" hostname="MacBook-Pro-DarekMarta.local" time="0.022">
  <properties/>
  <testcase name="contextLoads()" classname="com.crud.tasks.TasksApplicationTests" time="0.022"/>
  <system-out><![CDATA[2020-07-02 11:16:07.725  INFO 1452 --- [    Test worker] .b.t.c.SpringBootTestContextBootstrapper : Neither @ContextConfiguration nor @ContextHierarchy found for test class [com.crud.tasks.TasksApplicationTests], using SpringBootContextLoader
2020-07-02 11:16:07.728  INFO 1452 --- [    Test worker] o.s.t.c.support.AbstractContextLoader    : Could not detect default resource locations for test class [com.crud.tasks.TasksApplicationTests]: no resource found for suffixes {-context.xml, Context.groovy}.
2020-07-02 11:16:07.730  INFO 1452 --- [    Test worker] t.c.s.AnnotationConfigContextLoaderUtils : Could not detect default configuration classes for test class [com.crud.tasks.TasksApplicationTests]: TasksApplicationTests does not declare any static, non-private, non-final, nested classes annotated with @Configuration.
2020-07-02 11:16:07.743  INFO 1452 --- [    Test worker] .b.t.c.SpringBootTestContextBootstrapper : Found @SpringBootConfiguration com.crud.tasks.TasksApplication for test class com.crud.tasks.TasksApplicationTests
2020-07-02 11:16:07.753  INFO 1452 --- [    Test worker] .b.t.c.SpringBootTestContextBootstrapper : Loaded default TestExecutionListener class names from location [META-INF/spring.factories]: [org.springframework.boot.test.autoconfigure.restdocs.RestDocsTestExecutionListener, org.springframework.boot.test.autoconfigure.web.client.MockRestServiceServerResetTestExecutionListener, org.springframework.boot.test.autoconfigure.web.servlet.MockMvcPrintOnlyOnFailureTestExecutionListener, org.springframework.boot.test.autoconfigure.web.servlet.WebDriverTestExecutionListener, org.springframework.boot.test.mock.mockito.MockitoTestExecutionListener, org.springframework.boot.test.mock.mockito.ResetMocksTestExecutionListener, org.springframework.test.context.web.ServletTestExecutionListener, org.springframework.test.context.support.DirtiesContextBeforeModesTestExecutionListener, org.springframework.test.context.support.DependencyInjectionTestExecutionListener, org.springframework.test.context.support.DirtiesContextTestExecutionListener, org.springframework.test.context.transaction.TransactionalTestExecutionListener, org.springframework.test.context.jdbc.SqlScriptsTestExecutionListener, org.springframework.test.context.event.EventPublishingTestExecutionListener]
2020-07-02 11:16:07.758  INFO 1452 --- [    Test worker] .b.t.c.SpringBootTestContextBootstrapper : Using TestExecutionListeners: [org.springframework.test.context.web.ServletTestExecutionListener@4c5e7b46, org.springframework.test.context.support.DirtiesContextBeforeModesTestExecutionListener@464c920f, org.springframework.boot.test.mock.mockito.MockitoTestExecutionListener@29c2d7bb, org.springframework.boot.test.autoconfigure.SpringBootDependencyInjectionTestExecutionListener@6055d0fe, org.springframework.test.context.support.DirtiesContextTestExecutionListener@5fee13f9, org.springframework.test.context.transaction.TransactionalTestExecutionListener@7d902ee1, org.springframework.test.context.jdbc.SqlScriptsTestExecutionListener@42d041e7, org.springframework.test.context.event.EventPublishingTestExecutionListener@cccab63, org.springframework.boot.test.autoconfigure.restdocs.RestDocsTestExecutionListener@239200d8, org.springframework.boot.test.autoconfigure.web.client.MockRestServiceServerResetTestExecutionListener@5f09c56d, org.springframework.boot.test.autoconfigure.web.servlet.MockMvcPrintOnlyOnFailureTestExecutionListener@1f966812, org.springframework.boot.test.autoconfigure.web.servlet.WebDriverTestExecutionListener@76684f30, org.springframework.boot.test.mock.mockito.ResetMocksTestExecutionListener@454f15e5]
]]></system-out>
  <system-err><![CDATA[]]></system-err>
</testsuite>
