<?xml version="1.0" encoding="UTF-8"?>
<testsuite name="com.crud.tasks.service.SimpleEmailServiceTest" tests="1" skipped="0" failures="0" errors="0" timestamp="2020-07-02T09:16:07" hostname="MacBook-Pro-DarekMarta.local" time="0.07">
  <properties/>
  <testcase name="shouldSendEmail" classname="com.crud.tasks.service.SimpleEmailServiceTest" time="0.07"/>
  <system-out><![CDATA[2020-07-02 11:16:07.094  INFO 1452 --- [    Test worker] c.crud.tasks.service.SimpleEmailService  : Starting email preparation
2020-07-02 11:16:07.095  INFO 1452 --- [    Test worker] c.crud.tasks.service.SimpleEmailService  : CC has been included
2020-07-02 11:16:07.097  INFO 1452 --- [    Test worker] c.crud.tasks.service.SimpleEmailService  : Email has been sent
]]></system-out>
  <system-err><![CDATA[]]></system-err>
</testsuite>
