<?xml version="1.0" encoding="UTF-8"?>
<testsuite name="com.crud.tasks.service.TrelloServiceTest" tests="2" skipped="0" failures="0" errors="0" timestamp="2020-07-02T09:16:07" hostname="MacBook-Pro-DarekMarta.local" time="0.042">
  <properties/>
  <testcase name="shouldFetchTrelloBoards" classname="com.crud.tasks.service.TrelloServiceTest" time="0.007"/>
  <testcase name="createTrelloCardTest" classname="com.crud.tasks.service.TrelloServiceTest" time="0.017"/>
  <system-out><![CDATA[]]></system-out>
  <system-err><![CDATA[]]></system-err>
</testsuite>
