<?xml version="1.0" encoding="UTF-8"?>
<testsuite name="com.crud.tasks.mapper.MapperTestSuite" tests="6" skipped="0" failures="0" errors="0" timestamp="2020-07-02T09:15:13" hostname="MacBook-Pro-DarekMarta.local" time="0.339">
  <properties/>
  <testcase name="mapToLists" classname="com.crud.tasks.mapper.MapperTestSuite" time="0.278"/>
  <testcase name="mapToCardDto" classname="com.crud.tasks.mapper.MapperTestSuite" time="0.006"/>
  <testcase name="mapToBoardsDto" classname="com.crud.tasks.mapper.MapperTestSuite" time="0.01"/>
  <testcase name="mapToCard" classname="com.crud.tasks.mapper.MapperTestSuite" time="0.012"/>
  <testcase name="mapToBoards" classname="com.crud.tasks.mapper.MapperTestSuite" time="0.011"/>
  <testcase name="mapToListsDto" classname="com.crud.tasks.mapper.MapperTestSuite" time="0.006"/>
  <system-out><![CDATA[11:14:43.863 [Test worker] DEBUG org.springframework.test.annotation.ProfileValueUtils - Retrieved @ProfileValueSourceConfiguration [null] for test class [com.crud.tasks.mapper.MapperTestSuite]
11:14:43.864 [Test worker] DEBUG org.springframework.test.annotation.ProfileValueUtils - Retrieved ProfileValueSource type [class org.springframework.test.annotation.SystemProfileValueSource] for class [com.crud.tasks.mapper.MapperTestSuite]
11:14:43.868 [Test worker] DEBUG org.springframework.test.annotation.ProfileValueUtils - Retrieved @ProfileValueSourceConfiguration [null] for test class [com.crud.tasks.mapper.MapperTestSuite]
11:14:43.869 [Test worker] DEBUG org.springframework.test.annotation.ProfileValueUtils - Retrieved ProfileValueSource type [class org.springframework.test.annotation.SystemProfileValueSource] for class [com.crud.tasks.mapper.MapperTestSuite]
11:14:43.874 [Test worker] DEBUG org.springframework.test.context.support.AbstractDirtiesContextTestExecutionListener - Before test class: context [DefaultTestContext@6eeff5 testClass = MapperTestSuite, testInstance = [null], testMethod = [null], testException = [null], mergedContextConfiguration = [WebMergedContextConfiguration@43599122 testClass = MapperTestSuite, locations = '{}', classes = '{class com.crud.tasks.TasksApplication}', contextInitializerClasses = '[]', activeProfiles = '{}', propertySourceLocations = '{}', propertySourceProperties = '{org.springframework.boot.test.context.SpringBootTestContextBootstrapper=true}', contextCustomizers = set[org.springframework.boot.test.autoconfigure.properties.PropertyMappingContextCustomizer@0, org.springframework.boot.test.autoconfigure.web.servlet.WebDriverContextCustomizerFactory$Customizer@11934a04, org.springframework.boot.test.context.filter.ExcludeFilterContextCustomizer@261edb02, org.springframework.boot.test.json.DuplicateJsonObjectContextCustomizerFactory$DuplicateJsonObjectContextCustomizer@7fc51061, org.springframework.boot.test.mock.mockito.MockitoContextCustomizer@0, org.springframework.boot.test.web.client.TestRestTemplateContextCustomizer@48c208aa], resourceBasePath = 'src/main/webapp', contextLoader = 'org.springframework.boot.test.context.SpringBootContextLoader', parent = [null]], attributes = map['org.springframework.test.context.web.ServletTestExecutionListener.activateListener' -> true]], class annotated with @DirtiesContext [false] with mode [null].
11:14:43.879 [Test worker] DEBUG org.springframework.test.annotation.ProfileValueUtils - Retrieved @ProfileValueSourceConfiguration [null] for test class [com.crud.tasks.mapper.MapperTestSuite]
11:14:43.880 [Test worker] DEBUG org.springframework.test.annotation.ProfileValueUtils - Retrieved ProfileValueSource type [class org.springframework.test.annotation.SystemProfileValueSource] for class [com.crud.tasks.mapper.MapperTestSuite]
11:14:43.949 [Test worker] DEBUG org.springframework.test.context.support.TestPropertySourceUtils - Adding inlined properties to environment: {spring.jmx.enabled=false, org.springframework.boot.test.context.SpringBootTestContextBootstrapper=true, server.port=-1}

  .   ____          _            __ _ _
 /\\ / ___'_ __ _ _(_)_ __  __ _ \ \ \ \
( ( )\___ | '_ | '_| | '_ \/ _` | \ \ \ \
 \\/  ___)| |_)| | | | | || (_| |  ) ) ) )
  '  |____| .__|_| |_|_| |_\__, | / / / /
 =========|_|==============|___/=/_/_/_/
 :: Spring Boot ::        (v2.2.6.RELEASE)

2020-07-02 11:14:54.622  WARN 1452 --- [    Test worker] o.s.boot.StartupInfoLogger               : InetAddress.getLocalHost().getHostName() took 5006 milliseconds to respond. Please verify your network configuration (macOS machines may need to add entries to /etc/hosts).
2020-07-02 11:14:59.641  INFO 1452 --- [    Test worker] com.crud.tasks.mapper.MapperTestSuite    : Starting MapperTestSuite on MacBook-Pro-DarekMarta.local with PID 1452 (started by darekmarta in /Users/darekmarta/Desktop/tasks)
2020-07-02 11:14:59.643  INFO 1452 --- [    Test worker] com.crud.tasks.mapper.MapperTestSuite    : No active profile set, falling back to default profiles: default
2020-07-02 11:15:02.729  INFO 1452 --- [    Test worker] .s.d.r.c.RepositoryConfigurationDelegate : Bootstrapping Spring Data JPA repositories in DEFAULT mode.
2020-07-02 11:15:03.045  INFO 1452 --- [    Test worker] .s.d.r.c.RepositoryConfigurationDelegate : Finished Spring Data repository scanning in 288ms. Found 1 JPA repository interfaces.
2020-07-02 11:15:04.865  INFO 1452 --- [    Test worker] com.zaxxer.hikari.HikariDataSource       : HikariPool-1 - Starting...
2020-07-02 11:15:05.448  INFO 1452 --- [    Test worker] com.zaxxer.hikari.HikariDataSource       : HikariPool-1 - Start completed.
2020-07-02 11:15:05.587  INFO 1452 --- [    Test worker] o.hibernate.jpa.internal.util.LogHelper  : HHH000204: Processing PersistenceUnitInfo [name: default]
2020-07-02 11:15:05.797  INFO 1452 --- [    Test worker] org.hibernate.Version                    : HHH000412: Hibernate ORM core version 5.4.12.Final
2020-07-02 11:15:06.129  INFO 1452 --- [    Test worker] o.hibernate.annotations.common.Version   : HCANN000001: Hibernate Commons Annotations {5.1.0.Final}
2020-07-02 11:15:06.403  INFO 1452 --- [    Test worker] org.hibernate.dialect.Dialect            : HHH000400: Using dialect: org.hibernate.dialect.MySQL5Dialect
2020-07-02 11:15:07.842  INFO 1452 --- [    Test worker] o.h.e.t.j.p.i.JtaPlatformInitiator       : HHH000490: Using JtaPlatform implementation: [org.hibernate.engine.transaction.jta.platform.internal.NoJtaPlatform]
2020-07-02 11:15:07.866  INFO 1452 --- [    Test worker] j.LocalContainerEntityManagerFactoryBean : Initialized JPA EntityManagerFactory for persistence unit 'default'
2020-07-02 11:15:09.601  WARN 1452 --- [    Test worker] JpaBaseConfiguration$JpaWebConfiguration : spring.jpa.open-in-view is enabled by default. Therefore, database queries may be performed during view rendering. Explicitly configure spring.jpa.open-in-view to disable this warning
2020-07-02 11:15:10.531  INFO 1452 --- [    Test worker] o.s.b.a.e.web.EndpointLinksResolver      : Exposing 2 endpoint(s) beneath base path '/actuator'
2020-07-02 11:15:10.949  INFO 1452 --- [    Test worker] pertySourcedRequestMappingHandlerMapping : Mapped URL path [/v2/api-docs] onto method [springfox.documentation.swagger2.web.Swagger2Controller#getDocumentation(String, HttpServletRequest)]
2020-07-02 11:15:11.750  INFO 1452 --- [    Test worker] o.s.s.concurrent.ThreadPoolTaskExecutor  : Initializing ExecutorService 'applicationTaskExecutor'
2020-07-02 11:15:12.567  INFO 1452 --- [    Test worker] o.s.s.c.ThreadPoolTaskScheduler          : Initializing ExecutorService 'taskScheduler'
2020-07-02 11:15:12.711  INFO 1452 --- [    Test worker] d.s.w.p.DocumentationPluginsBootstrapper : Context refreshed
2020-07-02 11:15:12.779  INFO 1452 --- [    Test worker] d.s.w.p.DocumentationPluginsBootstrapper : Found 1 custom documentation plugin(s)
2020-07-02 11:15:12.852  INFO 1452 --- [    Test worker] s.d.s.w.s.ApiListingReferenceScanner     : Scanning for api listing references
2020-07-02 11:15:13.220  INFO 1452 --- [    Test worker] com.crud.tasks.mapper.MapperTestSuite    : Started MapperTestSuite in 29.234 seconds (JVM running for 33.519)
]]></system-out>
  <system-err><![CDATA[]]></system-err>
</testsuite>
